0 info it worked if it ends with ok
1 verbose cli [ 'C:\\Program Files\\nodejs\\node.exe',
1 verbose cli   'C:\\Program Files\\nodejs\\node_modules\\npm\\bin\\npm-cli.js',
1 verbose cli   'i',
1 verbose cli   '--save-dev',
1 verbose cli   'cross-dev',
1 verbose cli   'expect',
1 verbose cli   'jsdom' ]
2 info using npm@2.15.1
3 info using node@v4.4.4
4 verbose install initial load of E:\react\github\redux-examples\todomvc\package.json
5 warn package.json todomvc@1.0.0 No description
6 warn package.json todomvc@1.0.0 No repository field.
7 warn package.json todomvc@1.0.0 No README data
8 verbose installManyTop reading scoped package data from E:\react\github\redux-examples\todomvc\node_modules\babel-core\package.json
9 verbose installManyTop reading scoped package data from E:\react\github\redux-examples\todomvc\node_modules\babel-loader\package.json
10 verbose installManyTop reading scoped package data from E:\react\github\redux-examples\todomvc\node_modules\babel-preset-es2015\package.json
11 verbose installManyTop reading scoped package data from E:\react\github\redux-examples\todomvc\node_modules\babel-preset-react\package.json
12 verbose installManyTop reading scoped package data from E:\react\github\redux-examples\todomvc\node_modules\classnames\package.json
13 verbose installManyTop reading scoped package data from E:\react\github\redux-examples\todomvc\node_modules\css-loader\package.json
14 verbose installManyTop reading scoped package data from E:\react\github\redux-examples\todomvc\node_modules\react\package.json
15 verbose installManyTop reading scoped package data from E:\react\github\redux-examples\todomvc\node_modules\react-dom\package.json
16 verbose installManyTop reading scoped package data from E:\react\github\redux-examples\todomvc\node_modules\react-hot-loader\package.json
17 verbose installManyTop reading scoped package data from E:\react\github\redux-examples\todomvc\node_modules\react-redux\package.json
18 verbose installManyTop reading scoped package data from E:\react\github\redux-examples\todomvc\node_modules\redux\package.json
19 verbose installManyTop reading scoped package data from E:\react\github\redux-examples\todomvc\node_modules\redux-devtools\package.json
20 verbose installManyTop reading scoped package data from E:\react\github\redux-examples\todomvc\node_modules\redux-devtools-dock-monitor\package.json
21 verbose installManyTop reading scoped package data from E:\react\github\redux-examples\todomvc\node_modules\redux-devtools-log-monitor\package.json
22 verbose installManyTop reading scoped package data from E:\react\github\redux-examples\todomvc\node_modules\style-loader\package.json
23 verbose installManyTop reading scoped package data from E:\react\github\redux-examples\todomvc\node_modules\webpack\package.json
24 verbose installManyTop reading scoped package data from E:\react\github\redux-examples\todomvc\node_modules\webpack-dev-server\package.json
25 verbose readDependencies loading dependencies from E:\react\github\redux-examples\todomvc\package.json
26 silly cache add args [ 'cross-dev', null ]
27 verbose cache add spec cross-dev
28 silly cache add args [ 'expect', null ]
29 verbose cache add spec expect
30 silly cache add args [ 'jsdom', null ]
31 verbose cache add spec jsdom
32 silly cache add parsed spec Result {
32 silly cache add   raw: 'cross-dev',
32 silly cache add   scope: null,
32 silly cache add   name: 'cross-dev',
32 silly cache add   rawSpec: '',
32 silly cache add   spec: 'latest',
32 silly cache add   type: 'tag' }
33 silly addNamed cross-dev@latest
34 verbose addNamed "latest" is being treated as a dist-tag for cross-dev
35 info addNameTag [ 'cross-dev', 'latest' ]
36 silly mapToRegistry name cross-dev
37 silly mapToRegistry using default registry
38 silly mapToRegistry registry https://registry.npmjs.org/
39 silly mapToRegistry data Result {
39 silly mapToRegistry   raw: 'cross-dev',
39 silly mapToRegistry   scope: null,
39 silly mapToRegistry   name: 'cross-dev',
39 silly mapToRegistry   rawSpec: '',
39 silly mapToRegistry   spec: 'latest',
39 silly mapToRegistry   type: 'tag' }
40 silly mapToRegistry uri https://registry.npmjs.org/cross-dev
41 verbose addNameTag registry:https://registry.npmjs.org/cross-dev not in flight; fetching
42 silly cache add parsed spec Result {
42 silly cache add   raw: 'expect',
42 silly cache add   scope: null,
42 silly cache add   name: 'expect',
42 silly cache add   rawSpec: '',
42 silly cache add   spec: 'latest',
42 silly cache add   type: 'tag' }
43 silly addNamed expect@latest
44 verbose addNamed "latest" is being treated as a dist-tag for expect
45 info addNameTag [ 'expect', 'latest' ]
46 silly mapToRegistry name expect
47 silly mapToRegistry using default registry
48 silly mapToRegistry registry https://registry.npmjs.org/
49 silly mapToRegistry data Result {
49 silly mapToRegistry   raw: 'expect',
49 silly mapToRegistry   scope: null,
49 silly mapToRegistry   name: 'expect',
49 silly mapToRegistry   rawSpec: '',
49 silly mapToRegistry   spec: 'latest',
49 silly mapToRegistry   type: 'tag' }
50 silly mapToRegistry uri https://registry.npmjs.org/expect
51 verbose addNameTag registry:https://registry.npmjs.org/expect not in flight; fetching
52 silly cache add parsed spec Result {
52 silly cache add   raw: 'jsdom',
52 silly cache add   scope: null,
52 silly cache add   name: 'jsdom',
52 silly cache add   rawSpec: '',
52 silly cache add   spec: 'latest',
52 silly cache add   type: 'tag' }
53 silly addNamed jsdom@latest
54 verbose addNamed "latest" is being treated as a dist-tag for jsdom
55 info addNameTag [ 'jsdom', 'latest' ]
56 silly mapToRegistry name jsdom
57 silly mapToRegistry using default registry
58 silly mapToRegistry registry https://registry.npmjs.org/
59 silly mapToRegistry data Result {
59 silly mapToRegistry   raw: 'jsdom',
59 silly mapToRegistry   scope: null,
59 silly mapToRegistry   name: 'jsdom',
59 silly mapToRegistry   rawSpec: '',
59 silly mapToRegistry   spec: 'latest',
59 silly mapToRegistry   type: 'tag' }
60 silly mapToRegistry uri https://registry.npmjs.org/jsdom
61 verbose addNameTag registry:https://registry.npmjs.org/jsdom not in flight; fetching
62 verbose request uri https://registry.npmjs.org/cross-dev
63 verbose request no auth needed
64 info attempt registry request try #1 at 11:11:54
65 verbose request id c196207a48851474
66 http request GET https://registry.npmjs.org/cross-dev
67 verbose request uri https://registry.npmjs.org/expect
68 verbose request no auth needed
69 info attempt registry request try #1 at 11:11:54
70 verbose etag "3PVWSUKX5ELNTET4PI0S1KWFZ"
71 http request GET https://registry.npmjs.org/expect
72 verbose request uri https://registry.npmjs.org/jsdom
73 verbose request no auth needed
74 info attempt registry request try #1 at 11:11:54
75 verbose etag "7C9HYENST26SZ60ANPNTIZVL7"
76 http request GET https://registry.npmjs.org/jsdom
77 http 304 https://registry.npmjs.org/jsdom
78 verbose headers { date: 'Mon, 11 Jul 2016 03:12:32 GMT',
78 verbose headers   via: '1.1 varnish',
78 verbose headers   'cache-control': 'max-age=300',
78 verbose headers   etag: '"7C9HYENST26SZ60ANPNTIZVL7"',
78 verbose headers   age: '211',
78 verbose headers   connection: 'keep-alive',
78 verbose headers   'x-served-by': 'cache-itm7422-ITM',
78 verbose headers   'x-cache': 'HIT',
78 verbose headers   'x-cache-hits': '1',
78 verbose headers   'x-timer': 'S1468206752.681974,VS0,VE0',
78 verbose headers   vary: 'Accept-Encoding' }
79 silly get cb [ 304,
79 silly get   { date: 'Mon, 11 Jul 2016 03:12:32 GMT',
79 silly get     via: '1.1 varnish',
79 silly get     'cache-control': 'max-age=300',
79 silly get     etag: '"7C9HYENST26SZ60ANPNTIZVL7"',
79 silly get     age: '211',
79 silly get     connection: 'keep-alive',
79 silly get     'x-served-by': 'cache-itm7422-ITM',
79 silly get     'x-cache': 'HIT',
79 silly get     'x-cache-hits': '1',
79 silly get     'x-timer': 'S1468206752.681974,VS0,VE0',
79 silly get     vary: 'Accept-Encoding' } ]
80 verbose etag https://registry.npmjs.org/jsdom from cache
81 verbose get saving jsdom to C:\Users\Administrator\AppData\Roaming\npm-cache\registry.npmjs.org\jsdom\.cache.json
82 verbose correctMkdir C:\Users\Administrator\AppData\Roaming\npm-cache correctMkdir not in flight; initializing
83 silly addNameTag next cb for jsdom with tag latest
84 silly addNamed jsdom@9.4.1
85 verbose addNamed "9.4.1" is a plain semver version for jsdom
86 silly mapToRegistry name jsdom
87 silly mapToRegistry using default registry
88 silly mapToRegistry registry https://registry.npmjs.org/
89 silly mapToRegistry data Result {
89 silly mapToRegistry   raw: 'jsdom',
89 silly mapToRegistry   scope: null,
89 silly mapToRegistry   name: 'jsdom',
89 silly mapToRegistry   rawSpec: '',
89 silly mapToRegistry   spec: 'latest',
89 silly mapToRegistry   type: 'tag' }
90 silly mapToRegistry uri https://registry.npmjs.org/jsdom
91 verbose addRemoteTarball https://registry.npmjs.org/jsdom/-/jsdom-9.4.1.tgz not in flight; adding
92 verbose addRemoteTarball [ 'https://registry.npmjs.org/jsdom/-/jsdom-9.4.1.tgz',
92 verbose addRemoteTarball   'b322c91872584beb214276ad35f6b475bacf1238' ]
93 info retry fetch attempt 1 at 11:11:55
94 info attempt registry request try #1 at 11:11:55
95 http fetch GET https://registry.npmjs.org/jsdom/-/jsdom-9.4.1.tgz
96 http fetch 200 https://registry.npmjs.org/jsdom/-/jsdom-9.4.1.tgz
97 http 404 https://registry.npmjs.org/cross-dev
98 verbose headers { 'content-type': 'application/json',
98 verbose headers   'cache-control': 'max-age=0',
98 verbose headers   'content-length': '2',
98 verbose headers   'accept-ranges': 'bytes',
98 verbose headers   date: 'Mon, 11 Jul 2016 03:12:33 GMT',
98 verbose headers   via: '1.1 varnish',
98 verbose headers   age: '0',
98 verbose headers   connection: 'keep-alive',
98 verbose headers   'x-served-by': 'cache-itm7426-ITM',
98 verbose headers   'x-cache': 'MISS',
98 verbose headers   'x-cache-hits': '0',
98 verbose headers   'x-timer': 'S1468206752.697916,VS0,VE603',
98 verbose headers   vary: 'Accept-Encoding' }
99 silly get cb [ 404,
99 silly get   { 'content-type': 'application/json',
99 silly get     'cache-control': 'max-age=0',
99 silly get     'content-length': '2',
99 silly get     'accept-ranges': 'bytes',
99 silly get     date: 'Mon, 11 Jul 2016 03:12:33 GMT',
99 silly get     via: '1.1 varnish',
99 silly get     age: '0',
99 silly get     connection: 'keep-alive',
99 silly get     'x-served-by': 'cache-itm7426-ITM',
99 silly get     'x-cache': 'MISS',
99 silly get     'x-cache-hits': '0',
99 silly get     'x-timer': 'S1468206752.697916,VS0,VE603',
99 silly get     vary: 'Accept-Encoding' } ]
100 silly fetchAndShaCheck shasum b322c91872584beb214276ad35f6b475bacf1238
101 verbose addTmpTarball C:\Users\ADMINI~1\AppData\Local\Temp\npm-5172-f2b0cb1b\registry.npmjs.org\jsdom\-\jsdom-9.4.1.tgz not in flight; adding
102 verbose addTmpTarball already have metadata; skipping unpack for jsdom@9.4.1
103 verbose correctMkdir C:\Users\Administrator\AppData\Roaming\npm-cache correctMkdir not in flight; initializing
104 silly cache afterAdd jsdom@9.4.1
105 verbose afterAdd C:\Users\Administrator\AppData\Roaming\npm-cache\jsdom\9.4.1\package\package.json not in flight; writing
106 verbose correctMkdir C:\Users\Administrator\AppData\Roaming\npm-cache correctMkdir not in flight; initializing
107 verbose afterAdd C:\Users\Administrator\AppData\Roaming\npm-cache\jsdom\9.4.1\package\package.json written
108 http 304 https://registry.npmjs.org/expect
109 verbose headers { date: 'Mon, 11 Jul 2016 03:12:36 GMT',
109 verbose headers   via: '1.1 varnish',
109 verbose headers   'cache-control': 'max-age=300',
109 verbose headers   etag: '"3PVWSUKX5ELNTET4PI0S1KWFZ"',
109 verbose headers   age: '0',
109 verbose headers   connection: 'keep-alive',
109 verbose headers   'x-served-by': 'cache-itm7427-ITM',
109 verbose headers   'x-cache': 'HIT',
109 verbose headers   'x-cache-hits': '1',
109 verbose headers   'x-timer': 'S1468206756.089994,VS0,VE707',
109 verbose headers   vary: 'Accept-Encoding' }
110 silly get cb [ 304,
110 silly get   { date: 'Mon, 11 Jul 2016 03:12:36 GMT',
110 silly get     via: '1.1 varnish',
110 silly get     'cache-control': 'max-age=300',
110 silly get     etag: '"3PVWSUKX5ELNTET4PI0S1KWFZ"',
110 silly get     age: '0',
110 silly get     connection: 'keep-alive',
110 silly get     'x-served-by': 'cache-itm7427-ITM',
110 silly get     'x-cache': 'HIT',
110 silly get     'x-cache-hits': '1',
110 silly get     'x-timer': 'S1468206756.089994,VS0,VE707',
110 silly get     vary: 'Accept-Encoding' } ]
111 verbose etag https://registry.npmjs.org/expect from cache
112 verbose get saving expect to C:\Users\Administrator\AppData\Roaming\npm-cache\registry.npmjs.org\expect\.cache.json
113 verbose correctMkdir C:\Users\Administrator\AppData\Roaming\npm-cache correctMkdir not in flight; initializing
114 silly addNameTag next cb for expect with tag latest
115 silly addNamed expect@1.20.2
116 verbose addNamed "1.20.2" is a plain semver version for expect
117 silly cache afterAdd expect@1.20.2
118 verbose afterAdd C:\Users\Administrator\AppData\Roaming\npm-cache\expect\1.20.2\package\package.json not in flight; writing
119 verbose correctMkdir C:\Users\Administrator\AppData\Roaming\npm-cache correctMkdir not in flight; initializing
120 verbose afterAdd C:\Users\Administrator\AppData\Roaming\npm-cache\expect\1.20.2\package\package.json written
121 verbose stack Error: Registry returned 404 for GET on https://registry.npmjs.org/cross-dev
121 verbose stack     at makeError (C:\Program Files\nodejs\node_modules\npm\node_modules\npm-registry-client\lib\request.js:264:12)
121 verbose stack     at CachingRegistryClient.<anonymous> (C:\Program Files\nodejs\node_modules\npm\node_modules\npm-registry-client\lib\request.js:242:14)
121 verbose stack     at Request._callback (C:\Program Files\nodejs\node_modules\npm\node_modules\npm-registry-client\lib\request.js:172:14)
121 verbose stack     at Request.self.callback (C:\Program Files\nodejs\node_modules\npm\node_modules\request\request.js:199:22)
121 verbose stack     at emitTwo (events.js:87:13)
121 verbose stack     at Request.emit (events.js:172:7)
121 verbose stack     at Request.<anonymous> (C:\Program Files\nodejs\node_modules\npm\node_modules\request\request.js:1036:10)
121 verbose stack     at emitOne (events.js:82:20)
121 verbose stack     at Request.emit (events.js:169:7)
121 verbose stack     at IncomingMessage.<anonymous> (C:\Program Files\nodejs\node_modules\npm\node_modules\request\request.js:963:12)
122 verbose statusCode 404
123 verbose pkgid cross-dev
124 verbose cwd E:\react\github\redux-examples\todomvc
125 error Windows_NT 6.1.7601
126 error argv "C:\\Program Files\\nodejs\\node.exe" "C:\\Program Files\\nodejs\\node_modules\\npm\\bin\\npm-cli.js" "i" "--save-dev" "cross-dev" "expect" "jsdom"
127 error node v4.4.4
128 error npm  v2.15.1
129 error code E404
130 error 404 Registry returned 404 for GET on https://registry.npmjs.org/cross-dev
130 error 404
130 error 404 'cross-dev' is not in the npm registry.
130 error 404 You should bug the author to publish it (or use the name yourself!)
130 error 404 It was specified as a dependency of 'todomvc'
130 error 404
130 error 404 Note that you can also install from a
130 error 404 tarball, folder, http url, or git url.
131 verbose exit [ 1, true ]
